<?xml version="1.0" encoding="UTF-8"?>
<!-- Generated by org.testng.reporters.JUnitReportReporter -->
<testsuite skipped="1" hostname="Sanjay" name="Parameterization_Basics.Excercise1" tests="2" failures="0" timestamp="24 Oct 2021 09:17:36 GMT" time="0.000" errors="1">
  <testcase name="LambdaTest_Exercise1" time="0.000" classname="Parameterization_Basics.Excercise1">
    <skipped/>
  </testcase> <!-- LambdaTest_Exercise1 -->
  <testcase name="launch" time="0.000" classname="Parameterization_Basics.Excercise1">
    <error type="org.openqa.selenium.SessionNotCreatedException" message="session not created: This version of ChromeDriver only supports Chrome version 91
Current browser version is 94.0.4606.81 with binary path C:\Program Files (x86)\Google\Chrome\Application\chrome.exe
Build info: version: &#039;3.141.59&#039;, revision: &#039;e82be7d358&#039;, time: &#039;2018-11-14T08:17:03&#039;
System info: host: &#039;SANJAY&#039;, ip: &#039;192.168.0.105&#039;, os.name: &#039;Windows 10&#039;, os.arch: &#039;amd64&#039;, os.version: &#039;10.0&#039;, java.version: &#039;1.8.0_291&#039;
Driver info: driver.version: ChromeDriver
remote stacktrace: Backtrace:
	Ordinal0 [0x00803733+2504499]
	Ordinal0 [0x0079C401+2081793]
	Ordinal0 [0x006A2628+1058344]
	Ordinal0 [0x006C071A+1181466]
	Ordinal0 [0x006BC58C+1164684]
	Ordinal0 [0x006B9DC3+1154499]
	Ordinal0 [0x006E9B82+1350530]
	Ordinal0 [0x006E97DA+1349594]
	Ordinal0 [0x006E5D4B+1334603]
	Ordinal0 [0x006C22B4+1188532]
	Ordinal0 [0x006C3149+1192265]
	GetHandleVerifier [0x0097FB8C+1512252]
	GetHandleVerifier [0x00A2B0DF+2214031]
	GetHandleVerifier [0x00884BC3+484211]
	GetHandleVerifier [0x00883E69+480793]
	Ordinal0 [0x007A218D+2105741]
	Ordinal0 [0x007A66E8+2123496]
	Ordinal0 [0x007A6827+2123815]
	Ordinal0 [0x007AFB73+2161523]
	BaseThreadInitThunk [0x761EFA29+25]
	RtlGetAppContainerNamedObjectPath [0x77477A9E+286]
	RtlGetAppContainerNamedObjectPath [0x77477A6E+238]
">
      <![CDATA[org.openqa.selenium.SessionNotCreatedException: session not created: This version of ChromeDriver only supports Chrome version 91
Current browser version is 94.0.4606.81 with binary path C:\Program Files (x86)\Google\Chrome\Application\chrome.exe
Build info: version: '3.141.59', revision: 'e82be7d358', time: '2018-11-14T08:17:03'
System info: host: 'SANJAY', ip: '192.168.0.105', os.name: 'Windows 10', os.arch: 'amd64', os.version: '10.0', java.version: '1.8.0_291'
Driver info: driver.version: ChromeDriver
remote stacktrace: Backtrace:
	Ordinal0 [0x00803733+2504499]
	Ordinal0 [0x0079C401+2081793]
	Ordinal0 [0x006A2628+1058344]
	Ordinal0 [0x006C071A+1181466]
	Ordinal0 [0x006BC58C+1164684]
	Ordinal0 [0x006B9DC3+1154499]
	Ordinal0 [0x006E9B82+1350530]
	Ordinal0 [0x006E97DA+1349594]
	Ordinal0 [0x006E5D4B+1334603]
	Ordinal0 [0x006C22B4+1188532]
	Ordinal0 [0x006C3149+1192265]
	GetHandleVerifier [0x0097FB8C+1512252]
	GetHandleVerifier [0x00A2B0DF+2214031]
	GetHandleVerifier [0x00884BC3+484211]
	GetHandleVerifier [0x00883E69+480793]
	Ordinal0 [0x007A218D+2105741]
	Ordinal0 [0x007A66E8+2123496]
	Ordinal0 [0x007A6827+2123815]
	Ordinal0 [0x007AFB73+2161523]
	BaseThreadInitThunk [0x761EFA29+25]
	RtlGetAppContainerNamedObjectPath [0x77477A9E+286]
	RtlGetAppContainerNamedObjectPath [0x77477A6E+238]

	at sun.reflect.NativeConstructorAccessorImpl.newInstance0(Native Method)
	at sun.reflect.NativeConstructorAccessorImpl.newInstance(Unknown Source)
	at sun.reflect.DelegatingConstructorAccessorImpl.newInstance(Unknown Source)
	at java.lang.reflect.Constructor.newInstance(Unknown Source)
	at org.openqa.selenium.remote.W3CHandshakeResponse.lambda$errorHandler$0(W3CHandshakeResponse.java:62)
	at org.openqa.selenium.remote.HandshakeResponse.lambda$getResponseFunction$0(HandshakeResponse.java:30)
	at org.openqa.selenium.remote.ProtocolHandshake.lambda$createSession$0(ProtocolHandshake.java:126)
	at java.util.stream.ReferencePipeline$3$1.accept(Unknown Source)
	at java.util.Spliterators$ArraySpliterator.tryAdvance(Unknown Source)
	at java.util.stream.ReferencePipeline.forEachWithCancel(Unknown Source)
	at java.util.stream.AbstractPipeline.copyIntoWithCancel(Unknown Source)
	at java.util.stream.AbstractPipeline.copyInto(Unknown Source)
	at java.util.stream.AbstractPipeline.wrapAndCopyInto(Unknown Source)
	at java.util.stream.FindOps$FindOp.evaluateSequential(Unknown Source)
	at java.util.stream.AbstractPipeline.evaluate(Unknown Source)
	at java.util.stream.ReferencePipeline.findFirst(Unknown Source)
	at org.openqa.selenium.remote.ProtocolHandshake.createSession(ProtocolHandshake.java:128)
	at org.openqa.selenium.remote.ProtocolHandshake.createSession(ProtocolHandshake.java:74)
	at org.openqa.selenium.remote.HttpCommandExecutor.execute(HttpCommandExecutor.java:136)
	at org.openqa.selenium.remote.service.DriverCommandExecutor.execute(DriverCommandExecutor.java:83)
	at org.openqa.selenium.remote.RemoteWebDriver.execute(RemoteWebDriver.java:552)
	at org.openqa.selenium.remote.RemoteWebDriver.startSession(RemoteWebDriver.java:213)
	at org.openqa.selenium.remote.RemoteWebDriver.<init>(RemoteWebDriver.java:131)
	at org.openqa.selenium.chrome.ChromeDriver.<init>(ChromeDriver.java:181)
	at org.openqa.selenium.chrome.ChromeDriver.<init>(ChromeDriver.java:168)
	at org.openqa.selenium.chrome.ChromeDriver.<init>(ChromeDriver.java:123)
	at Parameterization_Basics.Excercise1.launch(Excercise1.java:22)
	at sun.reflect.NativeMethodAccessorImpl.invoke0(Native Method)
	at sun.reflect.NativeMethodAccessorImpl.invoke(Unknown Source)
	at sun.reflect.DelegatingMethodAccessorImpl.invoke(Unknown Source)
	at java.lang.reflect.Method.invoke(Unknown Source)
	at org.testng.internal.MethodInvocationHelper.invokeMethod(MethodInvocationHelper.java:100)
	at org.testng.internal.Invoker.invokeConfigurationMethod(Invoker.java:515)
	at org.testng.internal.Invoker.invokeConfigurations(Invoker.java:216)
	at org.testng.internal.Invoker.invokeMethod(Invoker.java:590)
	at org.testng.internal.Invoker.invokeTestMethod(Invoker.java:811)
	at org.testng.internal.Invoker.invokeTestMethods(Invoker.java:1137)
	at org.testng.internal.TestMethodWorker.invokeTestMethods(TestMethodWorker.java:129)
	at org.testng.internal.TestMethodWorker.run(TestMethodWorker.java:112)
	at org.testng.TestRunner.privateRun(TestRunner.java:753)
	at org.testng.TestRunner.run(TestRunner.java:607)
	at org.testng.SuiteRunner.runTest(SuiteRunner.java:368)
	at org.testng.SuiteRunner.access$000(SuiteRunner.java:39)
	at org.testng.SuiteRunner$SuiteWorker.run(SuiteRunner.java:402)
	at org.testng.internal.thread.ThreadUtil$2.call(ThreadUtil.java:64)
	at java.util.concurrent.FutureTask.run(Unknown Source)
	at java.util.concurrent.ThreadPoolExecutor.runWorker(Unknown Source)
	at java.util.concurrent.ThreadPoolExecutor$Worker.run(Unknown Source)
	at java.lang.Thread.run(Unknown Source)
]]>
    </error>
  </testcase> <!-- launch -->
</testsuite> <!-- Parameterization_Basics.Excercise1 -->
